<?xml version="1.0" encoding="ISO-8859-1"?>
<!--
This file is part of the Meeds project (https://meeds.io/).
Copyright (C) 2020 Meeds Association
contact@meeds.io
This program is free software; you can redistribute it and/or
modify it under the terms of the GNU Lesser General Public
License as published by the Free Software Foundation; either
version 3 of the License, or (at your option) any later version.
This program is distributed in the hope that it will be useful,
but WITHOUT ANY WARRANTY; without even the implied warranty of
MERCHANTABILITY or FITNESS FOR A PARTICULAR PURPOSE.  See the GNU
Lesser General Public License for more details.
You should have received a copy of the GNU Lesser General Public License
along with this program; if not, write to the Free Software Foundation,
Inc., 51 Franklin Street, Fifth Floor, Boston, MA  02110-1301, USA.

-->

<configuration xmlns:xsi="http://www.w3.org/2001/XMLSchema-instance" xsi:schemaLocation="http://www.exoplatform.org/xml/ns/kernel_1_3.xsd http://www.exoplatform.org/xml/ns/kernel_1_3.xsd"
               xmlns="http://www.exoplatform.org/xml/ns/kernel_1_3.xsd">

  <external-component-plugins>
    <target-component>org.exoplatform.services.organization.OrganizationService</target-component>
    <component-plugin>
      <name>init.service.listener</name>
      <set-method>addListenerPlugin</set-method>
      <type>org.exoplatform.services.organization.OrganizationDatabaseInitializer</type>
      <description>this listener populate organization data for the first launch</description>
      <init-params>
        <value-param>
          <name>checkDatabaseAlgorithm</name>
          <description>check database</description>
          <value>entry</value>
        </value-param>
        <value-param>
          <name>printInformation</name>
          <description>Print information init database</description>
          <value>true</value>
        </value-param>
        <object-param>
          <name>configuration</name>
          <description>description</description>
          <object type="org.exoplatform.services.organization.OrganizationConfig">
            <field  name="membershipType">
              <collection type="java.util.ArrayList">
                <value>
                  <object type="org.exoplatform.services.organization.OrganizationConfig$MembershipType">
                    <field  name="type"><string>manager</string></field>
                    <field  name="description"><string>manager membership type</string></field>
                  </object>
                </value>
                <value>
                  <object type="org.exoplatform.services.organization.OrganizationConfig$MembershipType">
                    <field  name="type"><string>member</string></field>
                    <field  name="description"><string>member membership type</string></field>
                  </object>
                </value>
                <value>
                  <object type="org.exoplatform.services.organization.OrganizationConfig$MembershipType">
                    <field  name="type"><string>*</string></field>
                    <field  name="description"><string>any membership type</string></field>
                  </object>
                </value>
              </collection>
            </field>
            <field  name="group">
              <collection type="java.util.ArrayList">
                <value>
                  <object type="org.exoplatform.services.organization.OrganizationConfig$Group">
                    <field  name="name"><string>platform</string></field>
                    <field  name="parentId"><string></string></field>
                    <field  name="description"><string>the /platform group</string></field>
                    <field  name="label"><string>Platform</string></field>
                  </object>
                </value>
                <value>
                  <object type="org.exoplatform.services.organization.OrganizationConfig$Group">
                    <field name="name">
                      <string>rewarding</string>
                    </field>
                    <field name="label">
                      <string>Rewarding administrators</string>
                    </field>
                    <field name="description">
                      <string>Rewarding administrators group</string>
                    </field>
                    <field name="parentId">
                      <string>/platform</string>
                    </field>
                  </object>
                </value>
              </collection>
            </field>
            <field name="user">
              <collection type="java.util.ArrayList">
                <value>
                  <object type="org.exoplatform.services.organization.OrganizationConfig$User">
                    <field name="userName">
                      <string>root</string>
                    </field>
                    <field name="password">
                      <string></string>
                    </field>
                    <field name="firstName">
                      <string>Root</string>
                    </field>
                    <field name="lastName">
                      <string>Root</string>
                    </field>
                    <field name="email">
                      <string>root@gatein.org</string>
                    </field>
                    <field name="groups">
                      <string>*:/platform/rewarding</string>
                    </field>
                  </object>
                </value>
              </collection>
            </field>
          </object>
        </object-param>
      </init-params>
    </component-plugin>
  </external-component-plugins>

</configuration>